{"name": "test_create_user_with_valid_values_001", "status": "failed", "statusDetails": {"message": "AssertionError: assert 422 == 201", "trace": "@allure.description(\"create_user_with_valid_values\")\n    @allure.severity(severity_level=\"Critical\")\n    def test_create_user_with_valid_values_001():\n        endpoint = TestData().endpoint_method()\n        payload = TestData().payload_method()\n        header = TestData().header_method()\n    \n        payload['name']='ramverma'\n        payload['email']='rameverma@gmail.com'\n        payload['gender']='male'\n        payload['status']='active'\n    \n        payload_json = json.dumps(payload)\n        response = requests.request(\"POST\", endpoint, headers=header, data=payload_json)\n        res_dict=response.json()\n        print(res_dict)\n        response_code = response.status_code\n>       assert response_code == 201\nE       assert 422 == 201\n\nTest_case\\Test_Create_User_API.py:23: AssertionError"}, "description": "create_user_with_valid_values", "start": 1662025905561, "stop": 1662025910200, "uuid": "5bb00811-0ffa-43ad-a17d-e93f3acc23eb", "historyId": "62e96f7885cd056cfb630f5a1c89d4f4", "testCaseId": "1b419854d39b28308df328e73851688c", "fullName": "Test_case.Test_Create_User_API#test_create_user_with_valid_values_001", "labels": [{"name": "severity", "value": "Critical"}, {"name": "parentSuite", "value": "Test_case"}, {"name": "suite", "value": "Test_Create_User_API"}, {"name": "host", "value": "DESKTOP-KBHEFTS"}, {"name": "thread", "value": "22096-MainThread"}, {"name": "framework", "value": "pytest"}, {"name": "language", "value": "cpython3"}, {"name": "package", "value": "Test_case.Test_Create_User_API"}]}